<?xml version="1.0" encoding="UTF-8" ?>
<testsuite failures="0" time="0.547" errors="0" skipped="0" tests="7" name="org.konghao.poi.test.TestPoi">
  <properties>
[...]
</properties>
  <testcase time="0.359" classname="org.konghao.poi.test.TestPoi" name="test01"/>
  <testcase time="0.094" classname="org.konghao.poi.test.TestPoi" name="testObj2Xls"/>
  <testcase time="0" classname="org.konghao.poi.test.TestPoi" name="testObj2Xls2"/>
  <testcase time="0" classname="org.konghao.poi.test.TestPoi" name="testBeanutil"/>
  <testcase time="0" classname="org.konghao.poi.test.TestPoi" name="testRe"/>
  <testcase time="0.031" classname="org.konghao.poi.test.TestPoi" name="testRead01"/>
  <testcase time="0.016" classname="org.konghao.poi.test.TestPoi" name="testRead02"/>
</testsuite>